Arguments: 
  /snap/node/5480/bin/node /snap/node/5480/bin/yarn.js config get registry

PATH: 
  /home/san/React/0. DERS ANLATIMI/002-Task-Tracker/node_modules/.bin:/home/san/React/0. DERS ANLATIMI/node_modules/.bin:/home/san/React/node_modules/.bin:/home/san/node_modules/.bin:/home/node_modules/.bin:/node_modules/.bin:/usr/local/lib/node_modules/npm/node_modules/@npmcli/run-script/lib/node-gyp-bin:/home/san/.npm/_npx/c67e74de0542c87c/node_modules/.bin:/home/san/anaconda3/bin:/home/san/anaconda3/condabin:/home/san/.local/bin:/usr/local/sbin:/usr/local/bin:/usr/sbin:/usr/bin:/sbin:/bin:/usr/games:/usr/local/games:/snap/bin

Yarn version: 
  1.22.15

Node version: 
  12.22.7

Platform: 
  linux x64

Trace: 
  Error: EACCES: permission denied, write
      at writeSync (fs.js:679:3)
      at SyncWriteStream._write (internal/fs/sync_write_stream.js:24:3)
      at doWrite (_stream_writable.js:403:12)
      at writeOrBuffer (_stream_writable.js:387:5)
      at SyncWriteStream.Writable.write (_stream_writable.js:318:11)
      at ConsoleReporter._log (/snap/node/5480/lib/cli.js:96906:17)
      at ConsoleReporter.log (/snap/node/5480/lib/cli.js:96894:10)
      at get (/snap/node/5480/lib/cli.js:87579:14)
      at Object.<anonymous> (/snap/node/5480/lib/cli.js:25983:25)
      at Generator.next (<anonymous>)

npm manifest: 
  {
    "name": "task-tracker",
    "version": "0.1.0",
    "private": true
  }

yarn manifest: 
  No manifest

Lockfile: 
  No lockfile
